<?xml version="1.0" encoding="UTF-8"?>
<!-- Generated by org.testng.reporters.JUnitXMLReporter -->
<testsuite hostname="DESKTOP-NV5OIPA" ignored="0" name="Default test" tests="3" failures="0" timestamp="11 Nov 2020 18:16:01 GMT" time="167.868" errors="0">
  <testcase name="contactsLink" time="16.719" classname="com.crm.qa.test.HomePageTest"/>
  <testcase name="homePageTitle" time="1.032" classname="com.crm.qa.test.HomePageTest"/>
  <testcase name="homePageUsername" time="1.162" classname="com.crm.qa.test.HomePageTest"/>
</testsuite> <!-- Default test -->
