<?xml version="1.0" encoding="UTF-8"?>
<!-- Generated by org.testng.reporters.JUnitXMLReporter -->
<testsuite hostname="DESKTOP-NV5OIPA" ignored="0" name="Default test" tests="4" failures="0" timestamp="09 Nov 2020 14:03:00 GMT" time="159.114" errors="0">
  <testcase name="verifyContactLabel" time="1.216" classname="com.crm.qa.test.ContactsPageTest"/>
  <testcase name="createContact" time="10.67" classname="com.crm.qa.test.ContactsPageTest"/>
  <testcase name="deleteContact" time="2.293" classname="com.crm.qa.test.ContactsPageTest"/>
  <testcase name="selectContact" time="1.271" classname="com.crm.qa.test.ContactsPageTest"/>
</testsuite> <!-- Default test -->
