<?xml version="1.0" encoding="UTF-8"?>
<testng-results skipped="0" failed="1" ignored="0" total="11" passed="10">
  <reporter-output>
  </reporter-output>
  <suite name="CRM Automation Suite" duration-ms="363395" started-at="2020-11-10T13:27:30Z" finished-at="2020-11-10T13:33:34Z">
    <groups>
    </groups>
    <test name="Free CRM Application Login Page" duration-ms="68594" started-at="2020-11-10T13:27:30Z" finished-at="2020-11-10T13:28:39Z">
      <class name="com.crm.qa.test.LoginPageTest">
        <test-method status="PASS" signature="setUp()[pri:0, instance:com.crm.qa.test.LoginPageTest@1ce92674]" name="setUp" is-config="true" duration-ms="20525" started-at="2020-11-10T13:27:30Z" finished-at="2020-11-10T13:27:51Z">
          <reporter-output>
          </reporter-output>
        </test-method> <!-- setUp -->
        <test-method status="PASS" signature="loginPageTitle()[pri:0, instance:com.crm.qa.test.LoginPageTest@1ce92674]" name="loginPageTitle" duration-ms="1033" started-at="2020-11-10T13:27:51Z" finished-at="2020-11-10T13:27:52Z">
          <reporter-output>
          </reporter-output>
        </test-method> <!-- loginPageTitle -->
        <test-method status="PASS" signature="tearDown()[pri:0, instance:com.crm.qa.test.LoginPageTest@1ce92674]" name="tearDown" is-config="true" duration-ms="3880" started-at="2020-11-10T13:27:52Z" finished-at="2020-11-10T13:27:56Z">
          <reporter-output>
          </reporter-output>
        </test-method> <!-- tearDown -->
        <test-method status="PASS" signature="setUp()[pri:0, instance:com.crm.qa.test.LoginPageTest@1ce92674]" name="setUp" is-config="true" duration-ms="11171" started-at="2020-11-10T13:27:56Z" finished-at="2020-11-10T13:28:07Z">
          <reporter-output>
          </reporter-output>
        </test-method> <!-- setUp -->
        <test-method status="PASS" signature="loginTest()[pri:0, instance:com.crm.qa.test.LoginPageTest@1ce92674]" name="loginTest" duration-ms="14379" started-at="2020-11-10T13:28:07Z" finished-at="2020-11-10T13:28:21Z">
          <reporter-output>
          </reporter-output>
        </test-method> <!-- loginTest -->
        <test-method status="PASS" signature="tearDown()[pri:0, instance:com.crm.qa.test.LoginPageTest@1ce92674]" name="tearDown" is-config="true" duration-ms="2255" started-at="2020-11-10T13:28:21Z" finished-at="2020-11-10T13:28:24Z">
          <reporter-output>
          </reporter-output>
        </test-method> <!-- tearDown -->
        <test-method status="PASS" signature="setUp()[pri:0, instance:com.crm.qa.test.LoginPageTest@1ce92674]" name="setUp" is-config="true" duration-ms="10898" started-at="2020-11-10T13:28:24Z" finished-at="2020-11-10T13:28:35Z">
          <reporter-output>
          </reporter-output>
        </test-method> <!-- setUp -->
        <test-method status="PASS" signature="validateLogo_Links()[pri:0, instance:com.crm.qa.test.LoginPageTest@1ce92674]" name="validateLogo_Links" duration-ms="2" started-at="2020-11-10T13:28:35Z" finished-at="2020-11-10T13:28:35Z">
          <reporter-output>
          </reporter-output>
        </test-method> <!-- validateLogo_Links -->
        <test-method status="PASS" signature="tearDown()[pri:0, instance:com.crm.qa.test.LoginPageTest@1ce92674]" name="tearDown" is-config="true" duration-ms="4382" started-at="2020-11-10T13:28:35Z" finished-at="2020-11-10T13:28:39Z">
          <reporter-output>
          </reporter-output>
        </test-method> <!-- tearDown -->
      </class> <!-- com.crm.qa.test.LoginPageTest -->
    </test> <!-- Free CRM Application Login Page -->
    <test name="Free CRM Application Home Page" duration-ms="87576" started-at="2020-11-10T13:28:39Z" finished-at="2020-11-10T13:30:07Z">
      <class name="com.crm.qa.test.HomePageTest">
        <test-method status="PASS" signature="setUp()[pri:0, instance:com.crm.qa.test.HomePageTest@10bdf5e5]" name="setUp" is-config="true" duration-ms="18738" started-at="2020-11-10T13:28:39Z" finished-at="2020-11-10T13:28:58Z">
          <reporter-output>
          </reporter-output>
        </test-method> <!-- setUp -->
        <test-method status="PASS" signature="contactsLink()[pri:0, instance:com.crm.qa.test.HomePageTest@10bdf5e5]" name="contactsLink" duration-ms="6150" started-at="2020-11-10T13:28:58Z" finished-at="2020-11-10T13:29:04Z">
          <reporter-output>
          </reporter-output>
        </test-method> <!-- contactsLink -->
        <test-method status="PASS" signature="tearDown()[pri:0, instance:com.crm.qa.test.HomePageTest@10bdf5e5]" name="tearDown" is-config="true" duration-ms="8199" started-at="2020-11-10T13:29:04Z" finished-at="2020-11-10T13:29:12Z">
          <reporter-output>
          </reporter-output>
        </test-method> <!-- tearDown -->
        <test-method status="PASS" signature="setUp()[pri:0, instance:com.crm.qa.test.HomePageTest@10bdf5e5]" name="setUp" is-config="true" duration-ms="18377" started-at="2020-11-10T13:29:12Z" finished-at="2020-11-10T13:29:30Z">
          <reporter-output>
          </reporter-output>
        </test-method> <!-- setUp -->
        <test-method status="PASS" signature="homePageTitle()[pri:0, instance:com.crm.qa.test.HomePageTest@10bdf5e5]" name="homePageTitle" duration-ms="1024" started-at="2020-11-10T13:29:30Z" finished-at="2020-11-10T13:29:32Z">
          <reporter-output>
          </reporter-output>
        </test-method> <!-- homePageTitle -->
        <test-method status="PASS" signature="tearDown()[pri:0, instance:com.crm.qa.test.HomePageTest@10bdf5e5]" name="tearDown" is-config="true" duration-ms="7760" started-at="2020-11-10T13:29:32Z" finished-at="2020-11-10T13:29:39Z">
          <reporter-output>
          </reporter-output>
        </test-method> <!-- tearDown -->
        <test-method status="PASS" signature="setUp()[pri:0, instance:com.crm.qa.test.HomePageTest@10bdf5e5]" name="setUp" is-config="true" duration-ms="18025" started-at="2020-11-10T13:29:39Z" finished-at="2020-11-10T13:29:57Z">
          <reporter-output>
          </reporter-output>
        </test-method> <!-- setUp -->
        <test-method status="PASS" signature="homePageUsername()[pri:0, instance:com.crm.qa.test.HomePageTest@10bdf5e5]" name="homePageUsername" duration-ms="1159" started-at="2020-11-10T13:29:57Z" finished-at="2020-11-10T13:29:58Z">
          <reporter-output>
          </reporter-output>
        </test-method> <!-- homePageUsername -->
        <test-method status="PASS" signature="tearDown()[pri:0, instance:com.crm.qa.test.HomePageTest@10bdf5e5]" name="tearDown" is-config="true" duration-ms="8134" started-at="2020-11-10T13:29:58Z" finished-at="2020-11-10T13:30:07Z">
          <reporter-output>
          </reporter-output>
        </test-method> <!-- tearDown -->
      </class> <!-- com.crm.qa.test.HomePageTest -->
    </test> <!-- Free CRM Application Home Page -->
    <test name="Free CRM Application Contacts Page" duration-ms="137925" started-at="2020-11-10T13:30:07Z" finished-at="2020-11-10T13:32:25Z">
      <class name="com.crm.qa.test.ContactsPageTest">
        <test-method status="PASS" signature="setUp()[pri:0, instance:com.crm.qa.test.ContactsPageTest@544fe44c]" name="setUp" is-config="true" duration-ms="23389" started-at="2020-11-10T13:30:07Z" finished-at="2020-11-10T13:30:30Z">
          <reporter-output>
          </reporter-output>
        </test-method> <!-- setUp -->
        <test-method status="PASS" signature="verifyContactLabel()[pri:1, instance:com.crm.qa.test.ContactsPageTest@544fe44c]" name="verifyContactLabel" duration-ms="1088" started-at="2020-11-10T13:30:30Z" finished-at="2020-11-10T13:30:31Z">
          <reporter-output>
          </reporter-output>
        </test-method> <!-- verifyContactLabel -->
        <test-method status="PASS" signature="tearDown()[pri:0, instance:com.crm.qa.test.ContactsPageTest@544fe44c]" name="tearDown" is-config="true" duration-ms="8230" started-at="2020-11-10T13:30:31Z" finished-at="2020-11-10T13:30:39Z">
          <reporter-output>
          </reporter-output>
        </test-method> <!-- tearDown -->
        <test-method status="PASS" signature="setUp()[pri:0, instance:com.crm.qa.test.ContactsPageTest@544fe44c]" name="setUp" is-config="true" duration-ms="24101" started-at="2020-11-10T13:30:39Z" finished-at="2020-11-10T13:31:03Z">
          <reporter-output>
          </reporter-output>
        </test-method> <!-- setUp -->
        <test-method status="PASS" signature="createContact()[pri:2, instance:com.crm.qa.test.ContactsPageTest@544fe44c]" name="createContact" duration-ms="8636" started-at="2020-11-10T13:31:03Z" finished-at="2020-11-10T13:31:12Z">
          <reporter-output>
          </reporter-output>
        </test-method> <!-- createContact -->
        <test-method status="PASS" signature="tearDown()[pri:0, instance:com.crm.qa.test.ContactsPageTest@544fe44c]" name="tearDown" is-config="true" duration-ms="8293" started-at="2020-11-10T13:31:12Z" finished-at="2020-11-10T13:31:20Z">
          <reporter-output>
          </reporter-output>
        </test-method> <!-- tearDown -->
        <test-method status="PASS" signature="setUp()[pri:0, instance:com.crm.qa.test.ContactsPageTest@544fe44c]" name="setUp" is-config="true" duration-ms="23073" started-at="2020-11-10T13:31:20Z" finished-at="2020-11-10T13:31:43Z">
          <reporter-output>
          </reporter-output>
        </test-method> <!-- setUp -->
        <test-method status="PASS" signature="deleteContact()[pri:3, instance:com.crm.qa.test.ContactsPageTest@544fe44c]" name="deleteContact" duration-ms="2188" started-at="2020-11-10T13:31:43Z" finished-at="2020-11-10T13:31:46Z">
          <reporter-output>
          </reporter-output>
        </test-method> <!-- deleteContact -->
        <test-method status="PASS" signature="tearDown()[pri:0, instance:com.crm.qa.test.ContactsPageTest@544fe44c]" name="tearDown" is-config="true" duration-ms="7318" started-at="2020-11-10T13:31:46Z" finished-at="2020-11-10T13:31:53Z">
          <reporter-output>
          </reporter-output>
        </test-method> <!-- tearDown -->
        <test-method status="PASS" signature="setUp()[pri:0, instance:com.crm.qa.test.ContactsPageTest@544fe44c]" name="setUp" is-config="true" duration-ms="22749" started-at="2020-11-10T13:31:53Z" finished-at="2020-11-10T13:32:16Z">
          <reporter-output>
          </reporter-output>
        </test-method> <!-- setUp -->
        <test-method status="PASS" signature="selectContact()[pri:4, instance:com.crm.qa.test.ContactsPageTest@544fe44c]" name="selectContact" duration-ms="1293" started-at="2020-11-10T13:32:16Z" finished-at="2020-11-10T13:32:17Z">
          <reporter-output>
          </reporter-output>
        </test-method> <!-- selectContact -->
        <test-method status="PASS" signature="tearDown()[pri:0, instance:com.crm.qa.test.ContactsPageTest@544fe44c]" name="tearDown" is-config="true" duration-ms="7552" started-at="2020-11-10T13:32:17Z" finished-at="2020-11-10T13:32:25Z">
          <reporter-output>
          </reporter-output>
        </test-method> <!-- tearDown -->
      </class> <!-- com.crm.qa.test.ContactsPageTest -->
    </test> <!-- Free CRM Application Contacts Page -->
    <test name="Free CRM Application Deals Page" duration-ms="69242" started-at="2020-11-10T13:32:25Z" finished-at="2020-11-10T13:33:34Z">
      <class name="com.crm.qa.test.DealsPageTest">
        <test-method status="PASS" signature="setUp()[pri:0, instance:com.crm.qa.test.DealsPageTest@52a86356]" name="setUp" is-config="true" duration-ms="28209" started-at="2020-11-10T13:32:25Z" finished-at="2020-11-10T13:32:53Z">
          <reporter-output>
          </reporter-output>
        </test-method> <!-- setUp -->
        <test-method status="FAIL" signature="validateDeals()[pri:0, instance:com.crm.qa.test.DealsPageTest@52a86356]" name="validateDeals" duration-ms="34662" started-at="2020-11-10T13:32:53Z" finished-at="2020-11-10T13:33:27Z">
          <exception class="org.openqa.selenium.NoSuchElementException">
            <message>
              <![CDATA[Unable to locate element: // a[@_name='dealName']//following::td[4]/a/i[@title='Delete']
For documentation on this error, please visit: https://www.seleniumhq.org/exceptions/no_such_element.html
Build info: version: '3.141.59', revision: 'e82be7d358', time: '2018-11-14T08:17:03'
System info: host: 'DESKTOP-NV5OIPA', ip: '192.168.1.4', os.name: 'Windows 10', os.arch: 'amd64', os.version: '10.0', java.version: '1.8.0_261'
Driver info: org.openqa.selenium.firefox.FirefoxDriver
Capabilities {acceptInsecureCerts: true, browserName: firefox, browserVersion: 82.0, javascriptEnabled: true, moz:accessibilityChecks: false, moz:buildID: 20201014125134, moz:geckodriverVersion: 0.28.0, moz:headless: false, moz:processID: 10228, moz:profile: C:\Users\91809\AppData\Loca..., moz:shutdownTimeout: 60000, moz:useNonSpecCompliantPointerOrigin: false, moz:webdriverClick: true, pageLoadStrategy: normal, platform: WINDOWS, platformName: WINDOWS, platformVersion: 10.0, rotatable: false, setWindowRect: true, strictFileInteractability: false, timeouts: {implicit: 0, pageLoad: 300000, script: 30000}, unhandledPromptBehavior: dismiss and notify}
Session ID: 04811d0e-7dc0-4bb3-8b7e-50f2557a205f
*** Element info: {Using=xpath, value=// a[@_name='dealName']//following::td[4]/a/i[@title='Delete']}]]>
            </message>
            <full-stacktrace>
              <![CDATA[org.openqa.selenium.NoSuchElementException: Unable to locate element: // a[@_name='dealName']//following::td[4]/a/i[@title='Delete']
For documentation on this error, please visit: https://www.seleniumhq.org/exceptions/no_such_element.html
Build info: version: '3.141.59', revision: 'e82be7d358', time: '2018-11-14T08:17:03'
System info: host: 'DESKTOP-NV5OIPA', ip: '192.168.1.4', os.name: 'Windows 10', os.arch: 'amd64', os.version: '10.0', java.version: '1.8.0_261'
Driver info: org.openqa.selenium.firefox.FirefoxDriver
Capabilities {acceptInsecureCerts: true, browserName: firefox, browserVersion: 82.0, javascriptEnabled: true, moz:accessibilityChecks: false, moz:buildID: 20201014125134, moz:geckodriverVersion: 0.28.0, moz:headless: false, moz:processID: 10228, moz:profile: C:\Users\91809\AppData\Loca..., moz:shutdownTimeout: 60000, moz:useNonSpecCompliantPointerOrigin: false, moz:webdriverClick: true, pageLoadStrategy: normal, platform: WINDOWS, platformName: WINDOWS, platformVersion: 10.0, rotatable: false, setWindowRect: true, strictFileInteractability: false, timeouts: {implicit: 0, pageLoad: 300000, script: 30000}, unhandledPromptBehavior: dismiss and notify}
Session ID: 04811d0e-7dc0-4bb3-8b7e-50f2557a205f
*** Element info: {Using=xpath, value=// a[@_name='dealName']//following::td[4]/a/i[@title='Delete']}
at sun.reflect.NativeConstructorAccessorImpl.newInstance0(Native Method)
at sun.reflect.NativeConstructorAccessorImpl.newInstance(Unknown Source)
at sun.reflect.DelegatingConstructorAccessorImpl.newInstance(Unknown Source)
at java.lang.reflect.Constructor.newInstance(Unknown Source)
at org.openqa.selenium.remote.http.W3CHttpResponseCodec.createException(W3CHttpResponseCodec.java:187)
at org.openqa.selenium.remote.http.W3CHttpResponseCodec.decode(W3CHttpResponseCodec.java:122)
at org.openqa.selenium.remote.http.W3CHttpResponseCodec.decode(W3CHttpResponseCodec.java:49)
at org.openqa.selenium.remote.HttpCommandExecutor.execute(HttpCommandExecutor.java:158)
at org.openqa.selenium.remote.service.DriverCommandExecutor.execute(DriverCommandExecutor.java:83)
at org.openqa.selenium.remote.RemoteWebDriver.execute(RemoteWebDriver.java:552)
at org.openqa.selenium.remote.RemoteWebDriver.findElement(RemoteWebDriver.java:323)
at org.openqa.selenium.remote.RemoteWebDriver.findElementByXPath(RemoteWebDriver.java:428)
at org.openqa.selenium.By$ByXPath.findElement(By.java:353)
at org.openqa.selenium.remote.RemoteWebDriver.findElement(RemoteWebDriver.java:315)
at sun.reflect.GeneratedMethodAccessor4.invoke(Unknown Source)
at sun.reflect.DelegatingMethodAccessorImpl.invoke(Unknown Source)
at java.lang.reflect.Method.invoke(Unknown Source)
at org.openqa.selenium.support.events.EventFiringWebDriver.lambda$new$1(EventFiringWebDriver.java:105)
at com.sun.proxy.$Proxy12.findElement(Unknown Source)
at org.openqa.selenium.support.events.EventFiringWebDriver.findElement(EventFiringWebDriver.java:194)
at com.crm.qa.pages.DealsPage.deleteDeal(DealsPage.java:46)
at com.crm.qa.test.DealsPageTest.validateDeals(DealsPageTest.java:65)
at sun.reflect.NativeMethodAccessorImpl.invoke0(Native Method)
at sun.reflect.NativeMethodAccessorImpl.invoke(Unknown Source)
at sun.reflect.DelegatingMethodAccessorImpl.invoke(Unknown Source)
at java.lang.reflect.Method.invoke(Unknown Source)
at org.testng.internal.MethodInvocationHelper.invokeMethod(MethodInvocationHelper.java:124)
at org.testng.internal.Invoker.invokeMethod(Invoker.java:580)
at org.testng.internal.Invoker.invokeTestMethod(Invoker.java:716)
at org.testng.internal.Invoker.invokeTestMethods(Invoker.java:988)
at org.testng.internal.TestMethodWorker.invokeTestMethods(TestMethodWorker.java:125)
at org.testng.internal.TestMethodWorker.run(TestMethodWorker.java:109)
at org.testng.TestRunner.privateRun(TestRunner.java:648)
at org.testng.TestRunner.run(TestRunner.java:505)
at org.testng.SuiteRunner.runTest(SuiteRunner.java:455)
at org.testng.SuiteRunner.runSequentially(SuiteRunner.java:450)
at org.testng.SuiteRunner.privateRun(SuiteRunner.java:415)
at org.testng.SuiteRunner.run(SuiteRunner.java:364)
at org.testng.SuiteRunnerWorker.runSuite(SuiteRunnerWorker.java:52)
at org.testng.SuiteRunnerWorker.run(SuiteRunnerWorker.java:84)
at org.testng.TestNG.runSuitesSequentially(TestNG.java:1208)
at org.testng.TestNG.runSuitesLocally(TestNG.java:1137)
at org.testng.TestNG.runSuites(TestNG.java:1049)
at org.testng.TestNG.run(TestNG.java:1017)
at org.testng.remote.AbstractRemoteTestNG.run(AbstractRemoteTestNG.java:114)
at org.testng.remote.RemoteTestNG.initAndRun(RemoteTestNG.java:251)
at org.testng.remote.RemoteTestNG.main(RemoteTestNG.java:77)
]]>
            </full-stacktrace>
          </exception> <!-- org.openqa.selenium.NoSuchElementException -->
          <reporter-output>
          </reporter-output>
        </test-method> <!-- validateDeals -->
        <test-method status="PASS" signature="tearDown()[pri:0, instance:com.crm.qa.test.DealsPageTest@52a86356]" name="tearDown" is-config="true" duration-ms="6363" started-at="2020-11-10T13:33:27Z" finished-at="2020-11-10T13:33:34Z">
          <reporter-output>
          </reporter-output>
        </test-method> <!-- tearDown -->
      </class> <!-- com.crm.qa.test.DealsPageTest -->
    </test> <!-- Free CRM Application Deals Page -->
  </suite> <!-- CRM Automation Suite -->
</testng-results>
