<?xml version="1.0" encoding="UTF-8"?>
<!-- Generated by org.testng.reporters.JUnitXMLReporter -->
<testsuite hostname="DESKTOP-NV5OIPA" ignored="0" name="Free CRM Application Contacts Page" tests="4" failures="0" timestamp="10 Nov 2020 13:32:25 GMT" time="137.925" errors="0">
  <testcase name="verifyContactLabel" time="1.088" classname="com.crm.qa.test.ContactsPageTest"/>
  <testcase name="createContact" time="8.636" classname="com.crm.qa.test.ContactsPageTest"/>
  <testcase name="deleteContact" time="2.188" classname="com.crm.qa.test.ContactsPageTest"/>
  <testcase name="selectContact" time="1.293" classname="com.crm.qa.test.ContactsPageTest"/>
</testsuite> <!-- Free CRM Application Contacts Page -->
