<?xml version="1.0" encoding="UTF-8"?>
<!-- Generated by org.testng.reporters.JUnitXMLReporter -->
<testsuite hostname="DESKTOP-NV5OIPA" ignored="0" name="Free CRM Application Login Page" tests="3" failures="0" timestamp="10 Nov 2020 13:28:39 GMT" time="68.594" errors="0">
  <testcase name="loginPageTitle" time="1.033" classname="com.crm.qa.test.LoginPageTest"/>
  <testcase name="loginTest" time="14.379" classname="com.crm.qa.test.LoginPageTest"/>
  <testcase name="validateLogo_Links" time="0.002" classname="com.crm.qa.test.LoginPageTest"/>
</testsuite> <!-- Free CRM Application Login Page -->
