<?xml version="1.0" encoding="UTF-8"?>
<!-- Generated by org.testng.reporters.JUnitXMLReporter -->
<testsuite hostname="DESKTOP-NV5OIPA" ignored="0" name="Free CRM Application" tests="7" failures="0" timestamp="09 Nov 2020 14:14:14 GMT" time="206.189" errors="0">
  <testcase name="loginPageTitle" time="1.044" classname="com.crm.qa.test.LoginPageTest"/>
  <testcase name="loginTest" time="7.902" classname="com.crm.qa.test.LoginPageTest"/>
  <testcase name="validateLogo_Links" time="0.008" classname="com.crm.qa.test.LoginPageTest"/>
  <testcase name="contactsLink" time="4.542" classname="com.crm.qa.test.HomePageTest"/>
  <testcase name="homePageTitle" time="1.027" classname="com.crm.qa.test.HomePageTest"/>
  <testcase name="homePageUsername" time="1.259" classname="com.crm.qa.test.HomePageTest"/>
  <testcase name="validateDeals" time="25.795" classname="com.crm.qa.test.DealsPageTest"/>
</testsuite> <!-- Free CRM Application -->
