<?xml version="1.0" encoding="UTF-8"?>
<!-- Generated by org.testng.reporters.JUnitXMLReporter -->
<testsuite hostname="DESKTOP-NV5OIPA" ignored="0" name="Free CRM Application Contacts Page" tests="4" failures="0" timestamp="11 Nov 2020 17:46:59 GMT" time="198.198" errors="0">
  <testcase name="verifyContactLabel" time="1.157" classname="com.crm.qa.test.ContactsPageTest"/>
  <testcase name="createContact" time="22.983" classname="com.crm.qa.test.ContactsPageTest"/>
  <testcase name="deleteContact" time="2.46" classname="com.crm.qa.test.ContactsPageTest"/>
  <testcase name="selectContact" time="1.28" classname="com.crm.qa.test.ContactsPageTest"/>
</testsuite> <!-- Free CRM Application Contacts Page -->
