<?xml version="1.0" encoding="UTF-8"?>
<!-- Generated by org.testng.reporters.JUnitXMLReporter -->
<testsuite hostname="DESKTOP-NV5OIPA" ignored="0" name="Free CRM Application Home Page" tests="3" failures="0" timestamp="10 Nov 2020 13:30:07 GMT" time="87.576" errors="0">
  <testcase name="contactsLink" time="6.15" classname="com.crm.qa.test.HomePageTest"/>
  <testcase name="homePageTitle" time="1.024" classname="com.crm.qa.test.HomePageTest"/>
  <testcase name="homePageUsername" time="1.159" classname="com.crm.qa.test.HomePageTest"/>
</testsuite> <!-- Free CRM Application Home Page -->
