<?xml version="1.0" encoding="UTF-8"?>
<!-- Generated by org.testng.reporters.JUnitXMLReporter -->
<testsuite hostname="DESKTOP-NV5OIPA" ignored="0" name="Free CRM Application Home Page" tests="3" failures="0" timestamp="11 Nov 2020 17:43:40 GMT" time="129.993" errors="0">
  <testcase name="contactsLink" time="1.417" classname="com.crm.qa.test.HomePageTest"/>
  <testcase name="homePageTitle" time="1.019" classname="com.crm.qa.test.HomePageTest"/>
  <testcase name="homePageUsername" time="1.141" classname="com.crm.qa.test.HomePageTest"/>
</testsuite> <!-- Free CRM Application Home Page -->
